Arguments: 
  /usr/local/bin/node /usr/local/bin/yarn start

PATH: 
  /usr/local/bin:/usr/bin:/bin:/usr/sbin:/sbin:/usr/texbin

Yarn version: 
  0.16.1

Node version: 
  6.9.1

Platform: 
  darwin x64

npm manifest: 
  {
    "name": "amazing-me",
    "version": "0.0.0",
    "license": "MIT",
    "angular-cli": {},
    "scripts": {
      "ng": "ng",
      "start": "ng serve",
      "lint": "tslint \"src/**/*.ts\" --project src/tsconfig.json --type-check && tslint \"e2e/**/*.ts\" --project e2e/tsconfig.json --type-check",
      "test": "ng test",
      "pree2e": "webdriver-manager update --standalone false --gecko false",
      "e2e": "protractor"
    },
    "private": true,
    "dependencies": {
      "@angular/common": "^2.3.1",
      "@angular/compiler": "^2.3.1",
      "@angular/core": "^2.3.1",
      "@angular/forms": "^2.3.1",
      "@angular/http": "^2.3.1",
      "@angular/platform-browser": "^2.3.1",
      "@angular/platform-browser-dynamic": "^2.3.1",
      "@angular/router": "^3.3.1",
      "angularfire2": "^2.0.0-beta.7",
      "core-js": "^2.4.1",
      "firebase": "^3.6.6",
      "mongodb": "^2.2.21",
      "mongoose": "^4.5.8",
      "rxjs": "^5.0.1",
      "ts-helpers": "^1.1.1",
      "zone.js": "^0.7.2",
  
      "angular2": "2.0.0-beta.3",
      "bootstrap": "^3.3.6",
      "es6-promise": "^3.0.2",
      "es6-shim": "^0.33.3",
      "live-server": "^0.9.1",
      "reflect-metadata": "0.1.2",
    
      "soundmanager2": "^2.97.20150601-a",
      "systemjs": "0.19.6",
  
  
    },
    "devDependencies": {
      "@angular/compiler-cli": "^2.3.1",
      "@types/jasmine": "2.5.38",
      "@types/node": "^6.0.42",
      "angular-cli": "1.0.0-beta.25.5",
      "codelyzer": "~2.0.0-beta.1",
      "jasmine-core": "2.5.2",
      "jasmine-spec-reporter": "2.5.0",
      "karma": "1.2.0",
      "karma-chrome-launcher": "^2.0.0",
      "karma-cli": "^1.0.1",
      "karma-jasmine": "^1.0.2",
      "karma-remap-istanbul": "^0.2.1",
      "protractor": "~4.0.13",
      "ts-node": "1.2.1",
      "tslint": "^4.3.0",
      "typescript": "~2.0.3"
    }
  }

yarn manifest: 
  No manifest

bower manifest: 
  No manifest

Lockfile: 
  No lockfile

Trace: 
  SyntaxError: /Users/myr/Developing/amazing-me/package.json: Unexpected token } in JSON at position 1213
      at Object.parse (native)
      at /usr/local/Cellar/yarn/0.16.1/libexec/lib/node_modules/yarn/lib/util/fs.js:271:57
      at next (native)
      at step (/usr/local/Cellar/yarn/0.16.1/libexec/lib/node_modules/yarn/node_modules/babel-runtime/helpers/asyncToGenerator.js:17:30)
      at /usr/local/Cellar/yarn/0.16.1/libexec/lib/node_modules/yarn/node_modules/babel-runtime/helpers/asyncToGenerator.js:28:20
